0 info it worked if it ends with ok
1 verbose cli [ '/usr/local/Cellar/node/6.2.0/bin/node',
1 verbose cli   '/usr/local/bin/npm',
1 verbose cli   'run',
1 verbose cli   'test' ]
2 info using npm@3.10.10
3 info using node@v6.10.3
4 verbose run-script [ 'pretest', 'test', 'posttest' ]
5 info lifecycle expedia_code_retreat@1.0.0~pretest: expedia_code_retreat@1.0.0
6 silly lifecycle expedia_code_retreat@1.0.0~pretest: no script for pretest, continuing
7 info lifecycle expedia_code_retreat@1.0.0~test: expedia_code_retreat@1.0.0
8 verbose lifecycle expedia_code_retreat@1.0.0~test: unsafe-perm in lifecycle true
9 verbose lifecycle expedia_code_retreat@1.0.0~test: PATH: /usr/local/lib/node_modules/npm/bin/node-gyp-bin:/Users/melissajimison/Documents/c5/jota_q/node_modules/.bin:/usr/local/Cellar/node/6.2.0/bin:/Users/melissajimison/.rvm/gems/ruby-2.3.0/bin:/Users/melissajimison/.rvm/gems/ruby-2.3.0@global/bin:/Users/melissajimison/.rvm/rubies/ruby-2.3.0/bin:/Applications/Postgres.app/Contents/Versions/9.4/bin:/usr/local:/usr/local/bin:/usr/local/sbin:/usr/bin:/usr/local/bin:/usr/bin:/bin:/usr/sbin:/sbin:/Users/melissajimison/.rvm/bin
10 verbose lifecycle expedia_code_retreat@1.0.0~test: CWD: /Users/melissajimison/Documents/c5/jota_q
11 silly lifecycle expedia_code_retreat@1.0.0~test: Args: [ '-c', 'mocha ./tests/cell.js' ]
12 silly lifecycle expedia_code_retreat@1.0.0~test: Returned: code: 1  signal: null
13 info lifecycle expedia_code_retreat@1.0.0~test: Failed to exec test script
14 verbose stack Error: expedia_code_retreat@1.0.0 test: `mocha ./tests/cell.js`
14 verbose stack Exit status 1
14 verbose stack     at EventEmitter.<anonymous> (/usr/local/lib/node_modules/npm/lib/utils/lifecycle.js:255:16)
14 verbose stack     at emitTwo (events.js:106:13)
14 verbose stack     at EventEmitter.emit (events.js:191:7)
14 verbose stack     at ChildProcess.<anonymous> (/usr/local/lib/node_modules/npm/lib/utils/spawn.js:40:14)
14 verbose stack     at emitTwo (events.js:106:13)
14 verbose stack     at ChildProcess.emit (events.js:191:7)
14 verbose stack     at maybeClose (internal/child_process.js:886:16)
14 verbose stack     at Process.ChildProcess._handle.onexit (internal/child_process.js:226:5)
15 verbose pkgid expedia_code_retreat@1.0.0
16 verbose cwd /Users/melissajimison/Documents/c5/jota_q
17 error Darwin 15.6.0
18 error argv "/usr/local/Cellar/node/6.2.0/bin/node" "/usr/local/bin/npm" "run" "test"
19 error node v6.10.3
20 error npm  v3.10.10
21 error code ELIFECYCLE
22 error expedia_code_retreat@1.0.0 test: `mocha ./tests/cell.js`
22 error Exit status 1
23 error Failed at the expedia_code_retreat@1.0.0 test script 'mocha ./tests/cell.js'.
23 error Make sure you have the latest version of node.js and npm installed.
23 error If you do, this is most likely a problem with the expedia_code_retreat package,
23 error not with npm itself.
23 error Tell the author that this fails on your system:
23 error     mocha ./tests/cell.js
23 error You can get information on how to open an issue for this project with:
23 error     npm bugs expedia_code_retreat
23 error Or if that isn't available, you can get their info via:
23 error     npm owner ls expedia_code_retreat
23 error There is likely additional logging output above.
24 verbose exit [ 1, true ]
